<?xml version="1.0" encoding="UTF-8"?>
<!-- Generated by org.testng.reporters.JUnitReportReporter -->
<testsuite skipped="0" hostname="developer1" name="wepPageTester.webPageTest.NewTest$TestChromeBrowser" tests="1" failures="0" timestamp="15 May 2019 20:27:52 GMT" time="2.237" errors="0">
  <testcase name="testGooglePageTitleInIEBrowser" time="2.237" classname="wepPageTester.webPageTest.NewTest$TestChromeBrowser"/>
</testsuite> <!-- wepPageTester.webPageTest.NewTest$TestChromeBrowser -->
