<?xml version="1.0" encoding="UTF-8"?>
<!-- Generated by org.testng.reporters.JUnitReportReporter -->
<testsuite hostname="developer1" name="deneme.NewTest" tests="1" failures="0" timestamp="25 Mar 2019 19:50:11 GMT" time="0.020" errors="0">
  <testcase name="f" time="0.020" classname="deneme.NewTest"/>
</testsuite> <!-- deneme.NewTest -->
