<?xml version="1.0" encoding="UTF-8"?>
<!-- Generated by org.testng.reporters.JUnitReportReporter -->
<testsuite skipped="0" hostname="developer1" name="com.tr.testFiles.LoginTest" tests="1" failures="0" timestamp="30 May 2019 18:46:27 GMT" time="14.670" errors="0">
  <testcase name="Login" time="14.670" classname="com.tr.testFiles.LoginTest"/>
</testsuite> <!-- com.tr.testFiles.LoginTest -->
