<?xml version="1.0" encoding="UTF-8"?>
<!-- Generated by org.testng.reporters.JUnitReportReporter -->
<testsuite skipped="0" hostname="developer1" name="com.tr.testFiles.ShoppingTest" tests="3" failures="0" timestamp="24 May 2019 22:30:43 GMT" time="35.576" errors="0">
  <testcase name="Login" time="12.583" classname="com.tr.testFiles.ShoppingTest"/>
  <testcase name="AddItem" time="19.169" classname="com.tr.testFiles.ShoppingTest"/>
  <testcase name="CheckCart" time="3.824" classname="com.tr.testFiles.ShoppingTest"/>
</testsuite> <!-- com.tr.testFiles.ShoppingTest -->
