<?xml version="1.0" encoding="UTF-8"?>
<!-- Generated by org.testng.reporters.JUnitReportReporter -->
<testsuite hostname="developer1" name="wepPageTester.webPageTest.NewTest" tests="1" failures="0" timestamp="26 Mar 2019 18:47:16 GMT" time="18.805" errors="0">
  <testcase name="openMyBlog" time="18.805" classname="wepPageTester.webPageTest.NewTest"/>
</testsuite> <!-- wepPageTester.webPageTest.NewTest -->
