<?xml version="1.0" encoding="UTF-8"?>
<!-- Generated by org.testng.reporters.JUnitReportReporter -->
<testsuite skipped="0" hostname="developer1" name="com.tr.testFiles.LoginTest" tests="1" failures="0" timestamp="23 May 2019 18:18:30 GMT" time="26.533" errors="0">
  <testcase name="Login" time="26.533" classname="com.tr.testFiles.LoginTest"/>
</testsuite> <!-- com.tr.testFiles.LoginTest -->
