<?xml version="1.0" encoding="UTF-8"?>
<!-- Generated by org.testng.reporters.JUnitReportReporter -->
<testsuite hostname="developer1" name="wepPageTester.webPageTest.NewTest" tests="1" failures="0" timestamp="25 Mar 2019 19:50:11 GMT" time="20.524" errors="0">
  <testcase name="openMyBlog" time="20.524" classname="wepPageTester.webPageTest.NewTest"/>
</testsuite> <!-- wepPageTester.webPageTest.NewTest -->
